<?xml version="1.0" encoding="UTF-8"?>
<coverage generated="1719846657437" clover="3.2.0">
  <project timestamp="1719846657438" name="All files">
    <metrics statements="11" coveredstatements="8" conditionals="4" coveredconditionals="0" methods="4" coveredmethods="2" elements="19" coveredelements="10" complexity="0" loc="11" ncloc="11" packages="2" files="3" classes="3"/>
    <package name="components">
      <metrics statements="7" coveredstatements="4" conditionals="4" coveredconditionals="0" methods="4" coveredmethods="2"/>
      <file name="Cart.js" path="C:\Users\a827635\Downloads\Omkar\Learning\Portfolio Projects\swiggy-clone-project\src\components\Cart.js">
        <metrics statements="1" coveredstatements="1" conditionals="0" coveredconditionals="0" methods="1" coveredmethods="1"/>
        <line num="4" count="1" type="stmt"/>
      </file>
      <file name="RestaurantCard.js" path="C:\Users\a827635\Downloads\Omkar\Learning\Portfolio Projects\swiggy-clone-project\src\components\RestaurantCard.js">
        <metrics statements="6" coveredstatements="3" conditionals="4" coveredconditionals="0" methods="3" coveredmethods="1"/>
        <line num="15" count="1" type="stmt"/>
        <line num="17" count="1" type="stmt"/>
        <line num="39" count="1" type="stmt"/>
        <line num="41" count="0" type="stmt"/>
        <line num="42" count="0" type="cond" truecount="0" falsecount="4"/>
        <line num="43" count="0" type="stmt"/>
      </file>
    </package>
    <package name="utils">
      <metrics statements="4" coveredstatements="4" conditionals="0" coveredconditionals="0" methods="0" coveredmethods="0"/>
      <file name="constants.js" path="C:\Users\a827635\Downloads\Omkar\Learning\Portfolio Projects\swiggy-clone-project\src\utils\constants.js">
        <metrics statements="4" coveredstatements="4" conditionals="0" coveredconditionals="0" methods="0" coveredmethods="0"/>
        <line num="2" count="1" type="stmt"/>
        <line num="4" count="1" type="stmt"/>
        <line num="6" count="1" type="stmt"/>
        <line num="7" count="1" type="stmt"/>
      </file>
    </package>
  </project>
</coverage>
