{"C:\\Users\\a827635\\Downloads\\Omkar\\Learning\\Portfolio Projects\\swiggy-clone-project\\src\\components\\Cart.js": {"path":"C:\\Users\\a827635\\Downloads\\Omkar\\Learning\\Portfolio Projects\\swiggy-clone-project\\src\\components\\Cart.js","statementMap":{"0":{"start":{"line":4,"column":2},"end":{"line":9,"column":3}}},"fnMap":{"0":{"name":"Cart","decl":{"start":{"line":3,"column":9},"end":{"line":3,"column":13}},"loc":{"start":{"line":3,"column":16},"end":{"line":10,"column":1}},"line":3}},"branchMap":{},"s":{"0":1},"f":{"0":1},"b":{},"_coverageSchema":"1a1c01bbd47fc00a2c39e90264f33305004495a9","hash":"1808605c1f9035f0878021160db95397c00c0fac"}
,"C:\\Users\\a827635\\Downloads\\Omkar\\Learning\\Portfolio Projects\\swiggy-clone-project\\src\\components\\RestaurantCard.js": {"path":"C:\\Users\\a827635\\Downloads\\Omkar\\Learning\\Portfolio Projects\\swiggy-clone-project\\src\\components\\RestaurantCard.js","statementMap":{"0":{"start":{"line":15,"column":6},"end":{"line":15,"column":19}},"1":{"start":{"line":17,"column":2},"end":{"line":36,"column":4}},"2":{"start":{"line":39,"column":40},"end":{"line":50,"column":1}},"3":{"start":{"line":41,"column":2},"end":{"line":49,"column":4}},"4":{"start":{"line":42,"column":22},"end":{"line":42,"column":309}},"5":{"start":{"line":43,"column":4},"end":{"line":48,"column":6}}},"fnMap":{"0":{"name":"RestaurantCard","decl":{"start":{"line":6,"column":9},"end":{"line":6,"column":23}},"loc":{"start":{"line":6,"column":31},"end":{"line":37,"column":1}},"line":6},"1":{"name":"(anonymous_1)","decl":{"start":{"line":39,"column":40},"end":{"line":39,"column":41}},"loc":{"start":{"line":39,"column":60},"end":{"line":50,"column":1}},"line":39},"2":{"name":"(anonymous_2)","decl":{"start":{"line":41,"column":9},"end":{"line":41,"column":10}},"loc":{"start":{"line":41,"column":20},"end":{"line":49,"column":3}},"line":41}},"branchMap":{"0":{"loc":{"start":{"line":42,"column":22},"end":{"line":42,"column":309}},"type":"cond-expr","locations":[{"start":{"line":42,"column":85},"end":{"line":42,"column":87}},{"start":{"line":42,"column":90},"end":{"line":42,"column":309}}],"line":42},"1":{"loc":{"start":{"line":42,"column":90},"end":{"line":42,"column":309}},"type":"cond-expr","locations":[{"start":{"line":42,"column":156},"end":{"line":42,"column":204}},{"start":{"line":42,"column":207},"end":{"line":42,"column":309}}],"line":42}},"s":{"0":1,"1":1,"2":1,"3":0,"4":0,"5":0},"f":{"0":1,"1":0,"2":0},"b":{"0":[0,0],"1":[0,0]},"_coverageSchema":"1a1c01bbd47fc00a2c39e90264f33305004495a9","hash":"536deb4ad5c46c209c2aeb9350acc7c96e49a3e6"}
,"C:\\Users\\a827635\\Downloads\\Omkar\\Learning\\Portfolio Projects\\swiggy-clone-project\\src\\utils\\constants.js": {"path":"C:\\Users\\a827635\\Downloads\\Omkar\\Learning\\Portfolio Projects\\swiggy-clone-project\\src\\utils\\constants.js","statementMap":{"0":{"start":{"line":2,"column":2},"end":{"line":2,"column":136}},"1":{"start":{"line":4,"column":2},"end":{"line":4,"column":85}},"2":{"start":{"line":6,"column":2},"end":{"line":6,"column":121}},"3":{"start":{"line":7,"column":24},"end":{"line":7,"column":51}}},"fnMap":{},"branchMap":{},"s":{"0":1,"1":1,"2":1,"3":1},"f":{},"b":{},"_coverageSchema":"1a1c01bbd47fc00a2c39e90264f33305004495a9","hash":"0579497d0660ba80f2159a1830e9d8a4c2c88da2"}
}
