TN:
SF:src\components\Cart.js
FN:3,Cart
FNF:1
FNH:1
FNDA:1,Cart
DA:4,1
LF:1
LH:1
BRF:0
BRH:0
end_of_record
TN:
SF:src\components\RestaurantCard.js
FN:6,RestaurantCard
FN:39,(anonymous_1)
FN:41,(anonymous_2)
FNF:3
FNH:1
FNDA:1,RestaurantCard
FNDA:0,(anonymous_1)
FNDA:0,(anonymous_2)
DA:15,1
DA:17,1
DA:39,1
DA:41,0
DA:42,0
DA:43,0
LF:6
LH:3
BRDA:42,0,0,0
BRDA:42,0,1,0
BRDA:42,1,0,0
BRDA:42,1,1,0
BRF:4
BRH:0
end_of_record
TN:
SF:src\utils\constants.js
FNF:0
FNH:0
DA:2,1
DA:4,1
DA:6,1
DA:7,1
LF:4
LH:4
BRF:0
BRH:0
end_of_record
